<?xml version="1.0" encoding="UTF-8"?>
<testng-results ignored="3" total="13" passed="9" failed="1" skipped="0">
  <reporter-output>
  </reporter-output>
  <suite started-at="2023-07-04T14:27:00 SGT" name="Loan Department" finished-at="2023-07-04T14:27:00 SGT" duration-ms="101">
    <groups>
      <group name="Smoke">
        <method signature="day2.ploan()[pri:0, instance:testngtutorialbyrsa.day2@475c9c31]" name="ploan" class="testngtutorialbyrsa.day2"/>
        <method signature="day4.MobileLoginHomeLoan()[pri:0, instance:testngtutorialbyrsa.day4@5c86a017]" name="MobileLoginHomeLoan" class="testngtutorialbyrsa.day4"/>
        <method signature="day3.MobileLogincarLoan()[pri:0, instance:testngtutorialbyrsa.day3@5038d0b5]" name="MobileLogincarLoan" class="testngtutorialbyrsa.day3"/>
      </group> <!-- Smoke -->
    </groups>
    <test started-at="2023-07-04T14:27:00 SGT" name="Personal loan" finished-at="2023-07-04T14:27:00 SGT" duration-ms="101">
      <class name="testngtutorialbyrsa.day1">
        <test-method signature="Demo()[pri:0, instance:testngtutorialbyrsa.day1@5340477f]" started-at="2023-07-04T14:27:00 SGT" name="Demo" finished-at="2023-07-04T14:27:00 SGT" duration-ms="28" status="FAIL">
          <exception class="java.lang.AssertionError">
            <message>
              <![CDATA[expected [true] but found [false]]]>
            </message>
            <full-stacktrace>
              <![CDATA[java.lang.AssertionError: expected [true] but found [false]
at org.testng.Assert.fail(Assert.java:110)
at org.testng.Assert.failNotEquals(Assert.java:1413)
at org.testng.Assert.assertTrue(Assert.java:56)
at org.testng.Assert.assertTrue(Assert.java:66)
at testngtutorialbyrsa.day1.Demo(day1.java:22)
at java.base/jdk.internal.reflect.NativeMethodAccessorImpl.invoke0(Native Method)
at java.base/jdk.internal.reflect.NativeMethodAccessorImpl.invoke(NativeMethodAccessorImpl.java:64)
at java.base/jdk.internal.reflect.DelegatingMethodAccessorImpl.invoke(DelegatingMethodAccessorImpl.java:43)
at java.base/java.lang.reflect.Method.invoke(Method.java:564)
at org.testng.internal.invokers.MethodInvocationHelper.invokeMethod(MethodInvocationHelper.java:139)
at org.testng.internal.invokers.TestInvoker.invokeMethod(TestInvoker.java:677)
at org.testng.internal.invokers.TestInvoker.invokeTestMethod(TestInvoker.java:221)
at org.testng.internal.invokers.MethodRunner.runInSequence(MethodRunner.java:50)
at org.testng.internal.invokers.TestInvoker$MethodInvocationAgent.invoke(TestInvoker.java:962)
at org.testng.internal.invokers.TestInvoker.invokeTestMethods(TestInvoker.java:194)
at org.testng.internal.invokers.TestMethodWorker.invokeTestMethods(TestMethodWorker.java:148)
at org.testng.internal.invokers.TestMethodWorker.run(TestMethodWorker.java:128)
at java.base/java.util.ArrayList.forEach(ArrayList.java:1511)
at org.testng.TestRunner.privateRun(TestRunner.java:806)
at org.testng.TestRunner.run(TestRunner.java:601)
at org.testng.SuiteRunner.runTest(SuiteRunner.java:433)
at org.testng.SuiteRunner$SuiteWorker.run(SuiteRunner.java:471)
at org.testng.internal.thread.ThreadUtil.lambda$execute$0(ThreadUtil.java:58)
at java.base/java.util.concurrent.FutureTask.run(FutureTask.java:264)
at java.base/java.util.concurrent.ThreadPoolExecutor.runWorker(ThreadPoolExecutor.java:1130)
at java.base/java.util.concurrent.ThreadPoolExecutor$Worker.run(ThreadPoolExecutor.java:630)
at java.base/java.lang.Thread.run(Thread.java:832)
]]>
            </full-stacktrace>
          </exception> <!-- java.lang.AssertionError -->
          <reporter-output>
          </reporter-output>
        </test-method> <!-- Demo -->
        <test-method is-config="true" signature="lastexecution()[pri:0, instance:testngtutorialbyrsa.day1@5340477f]" started-at="2023-07-04T14:27:00 SGT" name="lastexecution" finished-at="2023-07-04T14:27:00 SGT" duration-ms="0" status="PASS">
          <reporter-output>
          </reporter-output>
        </test-method> <!-- lastexecution -->
      </class> <!-- testngtutorialbyrsa.day1 -->
      <class name="testngtutorialbyrsa.day4">
        <test-method signature="LoginAPIHomeLoan()[pri:0, instance:testngtutorialbyrsa.day4@5c86a017]" started-at="2023-07-04T14:27:00 SGT" name="LoginAPIHomeLoan" finished-at="2023-07-04T14:27:00 SGT" duration-ms="1" status="PASS">
          <reporter-output>
          </reporter-output>
        </test-method> <!-- LoginAPIHomeLoan -->
        <test-method signature="MobileLoginHomeLoan()[pri:0, instance:testngtutorialbyrsa.day4@5c86a017]" started-at="2023-07-04T14:27:00 SGT" name="MobileLoginHomeLoan" finished-at="2023-07-04T14:27:00 SGT" duration-ms="2" status="PASS">
          <reporter-output>
          </reporter-output>
        </test-method> <!-- MobileLoginHomeLoan -->
        <test-method signature="WebloginHomeLoan(java.lang.String)[pri:0, instance:testngtutorialbyrsa.day4@5c86a017]" started-at="2023-07-04T14:27:00 SGT" name="WebloginHomeLoan" finished-at="2023-07-04T14:27:00 SGT" duration-ms="3" status="PASS">
          <params>
            <param index="0">
              <value>
                <![CDATA[personalloan.com]]>
              </value>
            </param>
          </params>
          <reporter-output>
          </reporter-output>
        </test-method> <!-- WebloginHomeLoan -->
      </class> <!-- testngtutorialbyrsa.day4 -->
      <class name="testngtutorialbyrsa.day2">
        <test-method is-config="true" signature="prerequiste()[pri:0, instance:testngtutorialbyrsa.day2@475c9c31]" started-at="2023-07-04T14:27:00 SGT" name="prerequiste" finished-at="2023-07-04T14:27:00 SGT" duration-ms="0" status="PASS">
          <reporter-output>
          </reporter-output>
        </test-method> <!-- prerequiste -->
        <test-method signature="ploan()[pri:0, instance:testngtutorialbyrsa.day2@475c9c31]" started-at="2023-07-04T14:27:00 SGT" name="ploan" finished-at="2023-07-04T14:27:00 SGT" duration-ms="2" status="PASS">
          <reporter-output>
          </reporter-output>
        </test-method> <!-- ploan -->
      </class> <!-- testngtutorialbyrsa.day2 -->
    </test> <!-- Personal loan -->
    <test started-at="2023-07-04T14:27:00 SGT" name="Car Loan" finished-at="2023-07-04T14:27:00 SGT" duration-ms="101">
      <class name="testngtutorialbyrsa.day1">
        <test-method is-config="true" signature="afSyite()[pri:0, instance:testngtutorialbyrsa.day1@5340477f]" started-at="2023-07-04T14:27:00 SGT" name="afSyite" finished-at="2023-07-04T14:27:00 SGT" duration-ms="1" status="PASS">
          <reporter-output>
          </reporter-output>
        </test-method> <!-- afSyite -->
      </class> <!-- testngtutorialbyrsa.day1 -->
      <class name="testngtutorialbyrsa.day3">
        <test-method is-config="true" signature="Bfsuite()[pri:0, instance:testngtutorialbyrsa.day3@5038d0b5]" started-at="2023-07-04T14:27:00 SGT" name="Bfsuite" finished-at="2023-07-04T14:27:00 SGT" duration-ms="16" status="PASS">
          <reporter-output>
          </reporter-output>
        </test-method> <!-- Bfsuite -->
        <test-method is-config="true" signature="befoclas()[pri:0, instance:testngtutorialbyrsa.day3@5038d0b5]" started-at="2023-07-04T14:27:00 SGT" name="befoclas" finished-at="2023-07-04T14:27:00 SGT" duration-ms="0" status="PASS">
          <reporter-output>
          </reporter-output>
        </test-method> <!-- befoclas -->
        <test-method is-config="true" signature="beforeevery()[pri:0, instance:testngtutorialbyrsa.day3@5038d0b5]" started-at="2023-07-04T14:27:00 SGT" name="beforeevery" finished-at="2023-07-04T14:27:00 SGT" duration-ms="2" status="PASS">
          <reporter-output>
          </reporter-output>
        </test-method> <!-- beforeevery -->
        <test-method signature="MobileLogincarLoan()[pri:0, instance:testngtutorialbyrsa.day3@5038d0b5]" started-at="2023-07-04T14:27:00 SGT" name="MobileLogincarLoan" finished-at="2023-07-04T14:27:00 SGT" duration-ms="5" status="PASS">
          <reporter-output>
          </reporter-output>
        </test-method> <!-- MobileLogincarLoan -->
        <test-method is-config="true" signature="afterevery()[pri:0, instance:testngtutorialbyrsa.day3@5038d0b5]" started-at="2023-07-04T14:27:00 SGT" name="afterevery" finished-at="2023-07-04T14:27:00 SGT" duration-ms="2" status="PASS">
          <reporter-output>
          </reporter-output>
        </test-method> <!-- afterevery -->
        <test-method is-config="true" signature="beforeevery()[pri:0, instance:testngtutorialbyrsa.day3@5038d0b5]" started-at="2023-07-04T14:27:00 SGT" name="beforeevery" finished-at="2023-07-04T14:27:00 SGT" duration-ms="1" status="PASS">
          <reporter-output>
          </reporter-output>
        </test-method> <!-- beforeevery -->
        <test-method signature="MobilesignoutcarLoan(java.lang.String,java.lang.String)[pri:0, instance:testngtutorialbyrsa.day3@5038d0b5]" started-at="2023-07-04T14:27:00 SGT" name="MobilesignoutcarLoan" data-provider="getData" finished-at="2023-07-04T14:27:00 SGT" duration-ms="3" status="PASS">
          <params>
            <param index="0">
              <value>
                <![CDATA[firstsetusername]]>
              </value>
            </param>
            <param index="1">
              <value>
                <![CDATA[firstpassword]]>
              </value>
            </param>
          </params>
          <reporter-output>
          </reporter-output>
        </test-method> <!-- MobilesignoutcarLoan -->
        <test-method is-config="true" signature="afterevery()[pri:0, instance:testngtutorialbyrsa.day3@5038d0b5]" started-at="2023-07-04T14:27:00 SGT" name="afterevery" finished-at="2023-07-04T14:27:00 SGT" duration-ms="1" status="PASS">
          <reporter-output>
          </reporter-output>
        </test-method> <!-- afterevery -->
        <test-method is-config="true" signature="beforeevery()[pri:0, instance:testngtutorialbyrsa.day3@5038d0b5]" started-at="2023-07-04T14:27:00 SGT" name="beforeevery" finished-at="2023-07-04T14:27:00 SGT" duration-ms="1" status="PASS">
          <reporter-output>
          </reporter-output>
        </test-method> <!-- beforeevery -->
        <test-method signature="MobilesignoutcarLoan(java.lang.String,java.lang.String)[pri:0, instance:testngtutorialbyrsa.day3@5038d0b5]" started-at="2023-07-04T14:27:00 SGT" name="MobilesignoutcarLoan" data-provider="getData" finished-at="2023-07-04T14:27:00 SGT" duration-ms="2" status="PASS">
          <params>
            <param index="0">
              <value>
                <![CDATA[secondsetusername]]>
              </value>
            </param>
            <param index="1">
              <value>
                <![CDATA[secondpassword]]>
              </value>
            </param>
          </params>
          <reporter-output>
          </reporter-output>
        </test-method> <!-- MobilesignoutcarLoan -->
        <test-method is-config="true" signature="afterevery()[pri:0, instance:testngtutorialbyrsa.day3@5038d0b5]" started-at="2023-07-04T14:27:00 SGT" name="afterevery" finished-at="2023-07-04T14:27:00 SGT" duration-ms="0" status="PASS">
          <reporter-output>
          </reporter-output>
        </test-method> <!-- afterevery -->
        <test-method is-config="true" signature="beforeevery()[pri:0, instance:testngtutorialbyrsa.day3@5038d0b5]" started-at="2023-07-04T14:27:00 SGT" name="beforeevery" finished-at="2023-07-04T14:27:00 SGT" duration-ms="1" status="PASS">
          <reporter-output>
          </reporter-output>
        </test-method> <!-- beforeevery -->
        <test-method signature="MobilesignoutcarLoan(java.lang.String,java.lang.String)[pri:0, instance:testngtutorialbyrsa.day3@5038d0b5]" started-at="2023-07-04T14:27:00 SGT" name="MobilesignoutcarLoan" data-provider="getData" finished-at="2023-07-04T14:27:00 SGT" duration-ms="3" status="PASS">
          <params>
            <param index="0">
              <value>
                <![CDATA[thirdsetusername]]>
              </value>
            </param>
            <param index="1">
              <value>
                <![CDATA[thirdpassword]]>
              </value>
            </param>
          </params>
          <reporter-output>
          </reporter-output>
        </test-method> <!-- MobilesignoutcarLoan -->
        <test-method is-config="true" signature="afterevery()[pri:0, instance:testngtutorialbyrsa.day3@5038d0b5]" started-at="2023-07-04T14:27:00 SGT" name="afterevery" finished-at="2023-07-04T14:27:00 SGT" duration-ms="0" status="PASS">
          <reporter-output>
          </reporter-output>
        </test-method> <!-- afterevery -->
        <test-method is-config="true" signature="beforeevery()[pri:0, instance:testngtutorialbyrsa.day3@5038d0b5]" started-at="2023-07-04T14:27:00 SGT" name="beforeevery" finished-at="2023-07-04T14:27:00 SGT" duration-ms="0" status="PASS">
          <reporter-output>
          </reporter-output>
        </test-method> <!-- beforeevery -->
        <test-method signature="WebloginCarLoan(java.lang.String,java.lang.String)[pri:0, instance:testngtutorialbyrsa.day3@5038d0b5]" started-at="2023-07-04T14:27:00 SGT" name="WebloginCarLoan" finished-at="2023-07-04T14:27:00 SGT" duration-ms="1" status="PASS">
          <params>
            <param index="0">
              <value>
                <![CDATA[carloan.com]]>
              </value>
            </param>
            <param index="1">
              <value>
                <![CDATA[123456]]>
              </value>
            </param>
          </params>
          <reporter-output>
          </reporter-output>
        </test-method> <!-- WebloginCarLoan -->
        <test-method is-config="true" signature="afterevery()[pri:0, instance:testngtutorialbyrsa.day3@5038d0b5]" started-at="2023-07-04T14:27:00 SGT" name="afterevery" finished-at="2023-07-04T14:27:00 SGT" duration-ms="1" status="PASS">
          <reporter-output>
          </reporter-output>
        </test-method> <!-- afterevery -->
        <test-method is-config="true" signature="afteclas()[pri:0, instance:testngtutorialbyrsa.day3@5038d0b5]" started-at="2023-07-04T14:27:00 SGT" name="afteclas" finished-at="2023-07-04T14:27:00 SGT" duration-ms="1" status="PASS">
          <reporter-output>
          </reporter-output>
        </test-method> <!-- afteclas -->
      </class> <!-- testngtutorialbyrsa.day3 -->
    </test> <!-- Car Loan -->
  </suite> <!-- Loan Department -->
</testng-results>
